<?xml version="1.0" encoding="UTF-8"?>
<!-- Generated by org.testng.reporters.JUnitReportReporter -->
<testsuite hostname="LTA1Q5SAYJ" failures="0" tests="1" name="Priority1.P1_OnBoarding_Test" time="234.421" errors="0" timestamp="2022-10-17T00:17:47 IST" skipped="0">
  <testcase classname="Priority1.P1_OnBoarding_Test" name="invalidSerNoTest" time="234.421"/>
  <system-out/>
</testsuite> <!-- Priority1.P1_OnBoarding_Test -->
