<?xml version="1.0" encoding="UTF-8"?>
<!-- Generated by org.testng.reporters.JUnitReportReporter -->
<testsuite hostname="LTA1Q5SAYJ" failures="0" tests="8" name="Priority.P0_LoginModule_Test" time="466.966" errors="0" timestamp="2022-08-03T23:57:11 IST" skipped="2">
  <testcase classname="Priority.P0_LoginModule_Test" name="loginPageTest" time="15.772"/>
  <system-out/>
  <testcase classname="Priority.P0_LoginModule_Test" name="backToLoginPageTest" time="23.851"/>
  <system-out/>
  <testcase classname="Priority.P0_LoginModule_Test" name="continueDisableMobNumTest" time="22.076"/>
  <system-out/>
  <testcase classname="Priority.P0_LoginModule_Test" name="wrongOtpTest" time="26.521"/>
  <system-out/>
  <testcase classname="Priority.P0_LoginModule_Test" name="continueDisableOtpTest" time="25.943"/>
  <system-out/>
  <testcase classname="Priority.P0_LoginModule_Test" name="resendOtpEnableAfter30Second" time="79.720">
    <skipped/>
  </testcase> <!-- resendOtpEnableAfter30Second -->
  <system-out/>
  <testcase classname="Priority.P0_LoginModule_Test" name="resendOtpEnableAfter30Second" time="191.454"/>
  <system-out/>
  <testcase classname="Priority.P0_LoginModule_Test" name="resendOtpEnableAfter30Second" time="81.629">
    <skipped/>
  </testcase> <!-- resendOtpEnableAfter30Second -->
  <system-out/>
</testsuite> <!-- Priority.P0_LoginModule_Test -->
