<?xml version="1.0" encoding="UTF-8"?>
<!-- Generated by org.testng.reporters.JUnitReportReporter -->
<testsuite hostname="LTA1Q5SAYJ" failures="0" tests="2" name="Priority.P0_HomeScreen_Test" time="141.728" errors="0" timestamp="2022-08-03T23:57:11 IST" skipped="0">
  <testcase classname="Priority.P0_HomeScreen_Test" name="loginPageTest" time="49.975"/>
  <system-out/>
  <testcase classname="Priority.P0_HomeScreen_Test" name="gridPauseStateTest" time="91.753"/>
  <system-out/>
</testsuite> <!-- Priority.P0_HomeScreen_Test -->
