<?xml version="1.0" encoding="UTF-8"?>
<!-- Generated by org.testng.reporters.JUnitReportReporter -->
<testsuite hostname="LTA1Q5SAYJ" failures="0" tests="2" name="Priority.P0_SubscriptionPaymentTest" time="193.217" errors="0" timestamp="2022-08-03T23:57:11 IST" skipped="0">
  <testcase classname="Priority.P0_SubscriptionPaymentTest" name="monthlySubscription" time="84.086"/>
  <system-out/>
  <testcase classname="Priority.P0_SubscriptionPaymentTest" name="yearSubscription" time="109.131"/>
  <system-out/>
</testsuite> <!-- Priority.P0_SubscriptionPaymentTest -->
