<?xml version="1.0" encoding="UTF-8"?>
<!-- Generated by org.testng.reporters.JUnitReportReporter -->
<testsuite hostname="LTA1Q5SAYJ" failures="0" tests="1" name="Sanity.SanityDynamicTest" time="192.589" errors="0" timestamp="2022-10-19T13:17:04 IST" skipped="0">
  <testcase classname="Sanity.SanityDynamicTest" name="camFunctionsTest" time="192.589"/>
  <system-out/>
</testsuite> <!-- Sanity.SanityDynamicTest -->
