<?xml version="1.0" encoding="UTF-8"?>
<!-- Generated by org.testng.reporters.JUnitReportReporter -->
<testsuite hostname="LTA1Q5SAYJ" failures="0" tests="1" name="summa" time="20.946" errors="0" timestamp="2022-10-11T17:56:41 IST" skipped="0">
  <testcase classname="summa" name="commonCode" time="20.946"/>
  <system-out/>
</testsuite> <!-- summa -->
