<?xml version="1.0" encoding="UTF-8"?>
<!-- Generated by org.testng.reporters.JUnitReportReporter -->
<testsuite hostname="LTA1Q5SAYJ" failures="0" tests="6" name="Priority0.P0_LoginModule_Test" time="250.879" errors="0" timestamp="2022-10-17T14:50:08 IST" skipped="0">
  <testcase classname="Priority0.P0_LoginModule_Test" name="loginPageTest" time="25.751"/>
  <system-out/>
  <testcase classname="Priority0.P0_LoginModule_Test" name="backToLoginPageTest" time="38.646"/>
  <system-out/>
  <testcase classname="Priority0.P0_LoginModule_Test" name="continueDisableMobNumTest" time="35.035"/>
  <system-out/>
  <testcase classname="Priority0.P0_LoginModule_Test" name="wrongOtpTest" time="42.125"/>
  <system-out/>
  <testcase classname="Priority0.P0_LoginModule_Test" name="continueDisableOtpTest" time="42.352"/>
  <system-out/>
  <testcase classname="Priority0.P0_LoginModule_Test" name="resendOtpEnableAfter30Second" time="66.970"/>
  <system-out/>
</testsuite> <!-- Priority0.P0_LoginModule_Test -->
