<?xml version="1.0" encoding="UTF-8"?>
<!-- Generated by org.testng.reporters.JUnitReportReporter -->
<testsuite hostname="LTA1Q5SAYJ" failures="0" tests="3" name="Priority0.P0_SubscriptionPayment_Test" time="317.100" errors="0" timestamp="2022-10-17T14:50:08 IST" skipped="1">
  <testcase classname="Priority0.P0_SubscriptionPayment_Test" name="monthlySubscription" time="113.276"/>
  <system-out/>
  <testcase classname="Priority0.P0_SubscriptionPayment_Test" name="monthlySubscription" time="65.434">
    <skipped/>
  </testcase> <!-- monthlySubscription -->
  <system-out/>
  <testcase classname="Priority0.P0_SubscriptionPayment_Test" name="yearSubscription" time="138.390"/>
  <system-out/>
</testsuite> <!-- Priority0.P0_SubscriptionPayment_Test -->
