<?xml version="1.0" encoding="UTF-8"?>
<!-- Generated by org.testng.reporters.JUnitReportReporter -->
<testsuite hostname="LTA1Q5SAYJ" failures="0" tests="3" name="Priority0.P0_AccountTab_Test" time="286.123" errors="0" timestamp="2022-10-17T14:50:08 IST" skipped="1">
  <testcase classname="Priority0.P0_AccountTab_Test" name="priceForPlans" time="65.042">
    <skipped/>
  </testcase> <!-- priceForPlans -->
  <system-out/>
  <testcase classname="Priority0.P0_AccountTab_Test" name="priceForPlans" time="140.376"/>
  <system-out/>
  <testcase classname="Priority0.P0_AccountTab_Test" name="appVersionTest" time="80.705"/>
  <system-out/>
</testsuite> <!-- Priority0.P0_AccountTab_Test -->
