<?xml version="1.0" encoding="UTF-8"?>
<!-- Generated by org.testng.reporters.JUnitReportReporter -->
<testsuite hostname="LTA1Q5SAYJ" failures="0" tests="1" name="Priority.P0_VideosTab_Test" time="135.218" errors="0" timestamp="2022-08-04T16:36:31 IST" skipped="0">
  <testcase classname="Priority.P0_VideosTab_Test" name="durationTest" time="135.218"/>
  <system-out/>
</testsuite> <!-- Priority.P0_VideosTab_Test -->
