<?xml version="1.0" encoding="UTF-8"?>
<!-- Generated by org.testng.reporters.JUnitReportReporter -->
<testsuite hostname="LTA1Q5SAYJ" failures="0" tests="10" name="Priority0.P0_VideosTab_Test" time="1050.889" errors="0" timestamp="2022-10-17T14:50:08 IST" skipped="1">
  <testcase classname="Priority0.P0_VideosTab_Test" name="noVideoRecordedTest" time="66.525">
    <skipped/>
  </testcase> <!-- noVideoRecordedTest -->
  <system-out/>
  <testcase classname="Priority0.P0_VideosTab_Test" name="noVideoRecordedTest" time="102.181"/>
  <system-out/>
  <testcase classname="Priority0.P0_VideosTab_Test" name="videoDisplayByDateTest" time="77.166"/>
  <system-out/>
  <testcase classname="Priority0.P0_VideosTab_Test" name="videoPlayTest" time="101.215"/>
  <system-out/>
  <testcase classname="Priority0.P0_VideosTab_Test" name="nextVideoPlayTest" time="112.622"/>
  <system-out/>
  <testcase classname="Priority0.P0_VideosTab_Test" name="previousIconTest" time="112.931"/>
  <system-out/>
  <testcase classname="Priority0.P0_VideosTab_Test" name="shareDownloadTest" time="116.268"/>
  <system-out/>
  <testcase classname="Priority0.P0_VideosTab_Test" name="durationTest" time="159.656"/>
  <system-out/>
  <testcase classname="Priority0.P0_VideosTab_Test" name="filterRemovelTest" time="87.683"/>
  <system-out/>
  <testcase classname="Priority0.P0_VideosTab_Test" name="clearAllFilterTest" time="114.642"/>
  <system-out/>
</testsuite> <!-- Priority0.P0_VideosTab_Test -->
