<?xml version="1.0" encoding="UTF-8"?>
<!-- Generated by org.testng.reporters.JUnitReportReporter -->
<testsuite hostname="LTA1Q5SAYJ" failures="0" tests="4" name="Priority.P0_CameraFunctions_Test" time="339.138" errors="0" timestamp="2022-08-03T23:57:11 IST" skipped="0">
  <testcase classname="Priority.P0_CameraFunctions_Test" name="invalidVerificationCodeTest" time="51.899"/>
  <system-out/>
  <testcase classname="Priority.P0_CameraFunctions_Test" name="cameraControlsTest" time="151.699"/>
  <system-out/>
  <testcase classname="Priority.P0_CameraFunctions_Test" name="sleepModeTest" time="75.154"/>
  <system-out/>
  <testcase classname="Priority.P0_CameraFunctions_Test" name="flipCameraTest" time="60.386"/>
  <system-out/>
</testsuite> <!-- Priority.P0_CameraFunctions_Test -->
