<?xml version="1.0" encoding="UTF-8"?>
<!-- Generated by org.testng.reporters.JUnitReportReporter -->
<testsuite hostname="LTA1Q5SAYJ" failures="0" tests="1" name="Sanity.sanityPlaystoreBuildTest" time="206.027" errors="0" timestamp="2022-10-19T12:45:50 IST" skipped="0">
  <testcase classname="Sanity.sanityPlaystoreBuildTest" name="validLoginTest" time="206.027"/>
  <system-out/>
</testsuite> <!-- Sanity.sanityPlaystoreBuildTest -->
