<?xml version="1.0" encoding="UTF-8"?>
<!-- Generated by org.testng.reporters.JUnitReportReporter -->
<testsuite hostname="LTB0216852-Mac" failures="0" tests="1" name="Priority1.P1_AccountTab_Test" time="93.231" errors="0" timestamp="2022-11-11T15:29:21 IST" skipped="0">
  <testcase classname="Priority1.P1_AccountTab_Test" name="manageSubscription" time="93.231"/>
  <system-out/>
</testsuite> <!-- Priority1.P1_AccountTab_Test -->
