<?xml version="1.0" encoding="UTF-8"?>
<!-- Generated by org.testng.reporters.JUnitReportReporter -->
<testsuite hostname="LTA1Q5SAYJ" failures="0" tests="4" name="Priority1.P1_LoginModule_Test" time="222.418" errors="0" timestamp="2022-10-07T14:27:03 IST" skipped="1">
  <testcase classname="Priority1.P1_LoginModule_Test" name="copyPasteMobNumTest" time="67.080">
    <skipped/>
  </testcase> <!-- copyPasteMobNumTest -->
  <system-out/>
  <testcase classname="Priority1.P1_LoginModule_Test" name="copyPasteMobNumTest" time="36.805"/>
  <system-out/>
  <testcase classname="Priority1.P1_LoginModule_Test" name="fieldVisibleTest" time="82.295"/>
  <system-out/>
  <testcase classname="Priority1.P1_LoginModule_Test" name="otpValidationTest" time="36.238"/>
  <system-out/>
</testsuite> <!-- Priority1.P1_LoginModule_Test -->
