<?xml version="1.0" encoding="UTF-8"?>
<!-- Generated by org.testng.reporters.JUnitReportReporter -->
<testsuite hostname="LTA1Q5SAYJ" failures="0" tests="1" name="Priority0.P0_CameraFunctions_Test" time="212.656" errors="0" timestamp="2022-10-17T15:06:58 IST" skipped="0">
  <testcase classname="Priority0.P0_CameraFunctions_Test" name="cameraControlsTest" time="212.656"/>
  <system-out/>
</testsuite> <!-- Priority0.P0_CameraFunctions_Test -->
