<?xml version="1.0" encoding="UTF-8"?>
<!-- Generated by org.testng.reporters.JUnitReportReporter -->
<testsuite hostname="LTA1Q5SAYJ" failures="0" tests="1" name="CamSettings.CameraSettings" time="135.508" errors="0" timestamp="2022-06-16T12:00:31 IST" skipped="0">
  <testcase classname="CamSettings.CameraSettings" name="cameraSettings" time="135.508"/>
  <system-out/>
</testsuite> <!-- CamSettings.CameraSettings -->
