<?xml version="1.0" encoding="UTF-8"?>
<!-- Generated by org.testng.reporters.JUnitReportReporter -->
<testsuite hostname="LTA1Q5SAYJ" failures="0" tests="1" name="SampleTest.Demo" time="66.134" errors="0" timestamp="2022-06-07T16:06:09 IST" skipped="0">
  <testcase classname="SampleTest.Demo" name="demo" time="66.134"/>
  <system-out/>
</testsuite> <!-- SampleTest.Demo -->
