<?xml version="1.0" encoding="UTF-8"?>
<!-- Generated by org.testng.reporters.JUnitReportReporter -->
<testsuite hostname="LTA1Q5SAYJ" failures="0" tests="15" name="Priority0.P0_OnBoarding_Test" time="1680.021" errors="0" timestamp="2022-10-17T14:50:08 IST" skipped="1">
  <testcase classname="Priority0.P0_OnBoarding_Test" name="allowPermissionTest" time="100.369">
    <skipped/>
  </testcase> <!-- allowPermissionTest -->
  <system-out/>
  <testcase classname="Priority0.P0_OnBoarding_Test" name="allowPermissionTest" time="80.840"/>
  <system-out/>
  <testcase classname="Priority0.P0_OnBoarding_Test" name="scanFailedErrorTest" time="118.457"/>
  <system-out/>
  <testcase classname="Priority0.P0_OnBoarding_Test" name="backToHomeTest" time="85.151"/>
  <system-out/>
  <testcase classname="Priority0.P0_OnBoarding_Test" name="withoutWifiScanTest" time="147.687"/>
  <system-out/>
  <testcase classname="Priority0.P0_OnBoarding_Test" name="enterSerialNUmDidplayTest" time="80.275"/>
  <system-out/>
  <testcase classname="Priority0.P0_OnBoarding_Test" name="numericValuesTest" time="94.850"/>
  <system-out/>
  <testcase classname="Priority0.P0_OnBoarding_Test" name="errorMessageCamTest" time="93.787"/>
  <system-out/>
  <testcase classname="Priority0.P0_OnBoarding_Test" name="cameraDeleteAndOnboadrTest" time="160.392"/>
  <system-out/>
  <testcase classname="Priority0.P0_OnBoarding_Test" name="navigateBlinkingPageTest" time="98.434"/>
  <system-out/>
  <testcase classname="Priority0.P0_OnBoarding_Test" name="sitRelaxVisibleTest" time="122.299"/>
  <system-out/>
  <testcase classname="Priority0.P0_OnBoarding_Test" name="killAppTest" time="123.643"/>
  <system-out/>
  <testcase classname="Priority0.P0_OnBoarding_Test" name="progressBarTest" time="116.889"/>
  <system-out/>
  <testcase classname="Priority0.P0_OnBoarding_Test" name="errrorMessageTest" time="107.892"/>
  <system-out/>
  <testcase classname="Priority0.P0_OnBoarding_Test" name="cofigureNotExitTest" time="149.056"/>
  <system-out/>
</testsuite> <!-- Priority0.P0_OnBoarding_Test -->
