<?xml version="1.0" encoding="UTF-8"?>
<!-- Generated by org.testng.reporters.JUnitReportReporter -->
<testsuite hostname="LTA1Q5SAYJ" failures="0" tests="1" name="CloudVideos.LatestCloudVideoTest" time="478.654" errors="0" timestamp="2022-10-17T23:12:07 IST" skipped="0">
  <testcase classname="CloudVideos.LatestCloudVideoTest" name="latestVideoTest" time="478.654"/>
  <system-out/>
</testsuite> <!-- CloudVideos.LatestCloudVideoTest -->
