<?xml version="1.0" encoding="UTF-8"?>
<!-- Generated by org.testng.reporters.JUnitReportReporter -->
<testsuite hostname="LTA1Q5SAYJ" failures="0" tests="3" name="Priority0.P0_HomeScreen_Test" time="281.262" errors="0" timestamp="2022-10-17T14:50:08 IST" skipped="1">
  <testcase classname="Priority0.P0_HomeScreen_Test" name="loginPageTest" time="65.099">
    <skipped/>
  </testcase> <!-- loginPageTest -->
  <system-out/>
  <testcase classname="Priority0.P0_HomeScreen_Test" name="loginPageTest" time="74.283"/>
  <system-out/>
  <testcase classname="Priority0.P0_HomeScreen_Test" name="gridPauseStateTest" time="141.880"/>
  <system-out/>
</testsuite> <!-- Priority0.P0_HomeScreen_Test -->
