<?xml version="1.0" encoding="UTF-8"?>
<!-- Generated by org.testng.reporters.JUnitReportReporter -->
<testsuite hostname="LTA1Q5SAYJ" failures="0" tests="1" name="CloudVideos.IpLCVDTest" time="487.870" errors="0" timestamp="2022-10-12T13:15:57 IST" skipped="0">
  <testcase classname="CloudVideos.IpLCVDTest" name="latestVideoTest" time="487.870"/>
  <system-out/>
</testsuite> <!-- CloudVideos.IpLCVDTest -->
