<?xml version="1.0" encoding="UTF-8"?>
<!-- Generated by org.testng.reporters.JUnitReportReporter -->
<testsuite hostname="LTA1Q5SAYJ" failures="0" tests="1" name="Priority0.P0_SubscriptionPaymentTest" time="124.109" errors="0" timestamp="2022-09-30T15:04:45 IST" skipped="0">
  <testcase classname="Priority0.P0_SubscriptionPaymentTest" name="yearSubscription" time="124.109"/>
  <system-out/>
</testsuite> <!-- Priority0.P0_SubscriptionPaymentTest -->
